BEGIN
CREATE EXTENSION
CREATE TYPE
CREATE TYPE
CREATE TYPE
CREATE TYPE
CREATE TYPE
CREATE TYPE
CREATE TYPE
CREATE TYPE
CREATE TABLE
CREATE TABLE
CREATE TABLE
CREATE TABLE
CREATE TABLE
CREATE TABLE
CREATE TABLE
CREATE TABLE
CREATE TABLE
CREATE TABLE
ALTER TABLE
CREATE INDEX
CREATE INDEX
CREATE INDEX
CREATE INDEX
CREATE INDEX
CREATE INDEX
CREATE INDEX
CREATE INDEX
CREATE INDEX
CREATE INDEX
CREATE INDEX
CREATE INDEX
CREATE INDEX
CREATE INDEX
CREATE INDEX
CREATE FUNCTION
CREATE FUNCTION
CREATE FUNCTION
CREATE FUNCTION
CREATE FUNCTION
CREATE FUNCTION
CREATE FUNCTION
CREATE FUNCTION
CREATE FUNCTION
CREATE FUNCTION
CREATE TRIGGER
CREATE TRIGGER
CREATE TRIGGER
CREATE TRIGGER
CREATE TRIGGER
CREATE TRIGGER
CREATE TRIGGER
CREATE TRIGGER
CREATE TRIGGER
CREATE TRIGGER
psql:/Users/linshiyu/lincc/lincc-project/NoOvertime/artifacts/pg16-regression/20260212-123158/001_init_fail_before_commit.sql:736: ERROR:  42P01: relation "__force_failure_relation_not_exists__" does not exist
LINE 1: SELECT * FROM __force_failure_relation_not_exists__;
                      ^
LOCATION:  parserOpenTable, parse_relation.c:1466
